#-----------------------------------------------------------
# Vivado v2019.1 (64-bit)
# SW Build 2552052 on Fri May 24 14:49:42 MDT 2019
# IP Build 2548770 on Fri May 24 18:01:18 MDT 2019
# Start of session at: Sat Sep  3 14:47:16 2022
# Process ID: 27224
# Current directory: C:/Users/Jianning/Desktop/CG3207/Lab/Lab 1/simple_count_Verilog
# Command line: vivado.exe -gui_launcher_event rodinguilauncherevent20484 C:\Users\Jianning\Desktop\CG3207\Lab\Lab 1\simple_count_Verilog\simple_count_Verilog.xpr
# Log file: C:/Users/Jianning/Desktop/CG3207/Lab/Lab 1/simple_count_Verilog/vivado.log
# Journal file: C:/Users/Jianning/Desktop/CG3207/Lab/Lab 1/simple_count_Verilog\vivado.jou
#-----------------------------------------------------------
start_gui
open_project {C:/Users/Jianning/Desktop/CG3207/Lab/Lab 1/simple_count_Verilog/simple_count_Verilog.xpr}
INFO: [Project 1-313] Project file moved from 'C:/Users/Jianning/Desktop/CG3207/simple_count_Verilog' since last save.
Scanning sources...
Finished scanning sources
INFO: [IP_Flow 19-234] Refreshing IP repositories
INFO: [IP_Flow 19-1704] No user IP repositories specified
INFO: [IP_Flow 19-2313] Loaded Vivado IP repository 'C:/Xilinx/Vivado/2019.1/data/ip'.
open_project: Time (s): cpu = 00:00:47 ; elapsed = 00:00:17 . Memory (MB): peak = 710.730 ; gain = 87.309
update_compile_order -fileset sources_1
exit
INFO: [Common 17-206] Exiting Vivado at Sat Sep  3 14:53:41 2022...
