
*** Running vivado
    with args -log TOP.vds -m64 -product Vivado -mode batch -messageDb vivado.pb -notrace -source TOP.tcl


****** Vivado v2019.1 (64-bit)
  **** SW Build 2552052 on Fri May 24 14:49:42 MDT 2019
  **** IP Build 2548770 on Fri May 24 18:01:18 MDT 2019
    ** Copyright 1986-2019 Xilinx, Inc. All Rights Reserved.

source TOP.tcl -notrace
Command: synth_design -top TOP -part xc7a100tcsg324-1
Starting synth_design
Attempting to get a license for feature 'Synthesis' and/or device 'xc7a100t'
INFO: [Common 17-349] Got license for feature 'Synthesis' and/or device 'xc7a100t'
INFO: [Device 21-403] Loading part xc7a100tcsg324-1
INFO: Launching helper process for spawning children vivado processes
INFO: Helper process launched with PID 14664 
WARNING: [Synth 8-2507] parameter declaration becomes local in MCycle with formal parameter declaration list [C:/Users/Jianning/Desktop/CG3207/Lab/Lab 3/Lab 3 Template/MCycle.v:53]
WARNING: [Synth 8-2507] parameter declaration becomes local in MCycle with formal parameter declaration list [C:/Users/Jianning/Desktop/CG3207/Lab/Lab 3/Lab 3 Template/MCycle.v:55]
---------------------------------------------------------------------------------
Starting RTL Elaboration : Time (s): cpu = 00:00:05 ; elapsed = 00:00:05 . Memory (MB): peak = 695.543 ; gain = 183.520
---------------------------------------------------------------------------------
INFO: [Synth 8-638] synthesizing module 'TOP' [C:/Users/Jianning/Desktop/CG3207/Lab/Lab 2/Lab_2_Template/TOP_Nexys.vhd:68]
	Parameter N_LEDs_OUT bound to: 8 - type: integer 
	Parameter N_DIPs bound to: 16 - type: integer 
	Parameter N_PBs bound to: 3 - type: integer 
	Parameter N_SEVEN_SEG_DIGITs bound to: 8 - type: integer 
	Parameter N_LEDs_OUT bound to: 8 - type: integer 
	Parameter N_DIPs bound to: 16 - type: integer 
	Parameter N_PBs bound to: 3 - type: integer 
INFO: [Synth 8-3491] module 'Wrapper' declared at 'C:/Users/Jianning/Desktop/CG3207/Lab/Lab 2/Lab_2_Template/Wrapper.v:29' bound to instance 'Wrapper1' of component 'Wrapper' [C:/Users/Jianning/Desktop/CG3207/Lab/Lab 2/Lab_2_Template/TOP_Nexys.vhd:198]
INFO: [Synth 8-6157] synthesizing module 'Wrapper' [C:/Users/Jianning/Desktop/CG3207/Lab/Lab 2/Lab_2_Template/Wrapper.v:29]
	Parameter N_LEDs_OUT bound to: 8 - type: integer 
	Parameter N_DIPs bound to: 16 - type: integer 
	Parameter N_PBs bound to: 3 - type: integer 
INFO: [Synth 8-6157] synthesizing module 'ARM' [C:/Users/Jianning/Desktop/CG3207/Lab/Lab 2/Lab_2_Template/ARM.v:39]
INFO: [Synth 8-6157] synthesizing module 'RegFile' [C:/Users/Jianning/Desktop/CG3207/Lab/Lab 2/Lab_2_Template/RegFile.v:35]
INFO: [Synth 8-6155] done synthesizing module 'RegFile' (1#1) [C:/Users/Jianning/Desktop/CG3207/Lab/Lab 2/Lab_2_Template/RegFile.v:35]
INFO: [Synth 8-6157] synthesizing module 'Extend' [C:/Users/Jianning/Desktop/CG3207/Lab/Lab 2/Lab_2_Template/Extend.v:35]
INFO: [Synth 8-6155] done synthesizing module 'Extend' (2#1) [C:/Users/Jianning/Desktop/CG3207/Lab/Lab 2/Lab_2_Template/Extend.v:35]
INFO: [Synth 8-6157] synthesizing module 'Decoder' [C:/Users/Jianning/Desktop/CG3207/Lab/Lab 2/Lab_2_Template/Decoder.v:35]
INFO: [Synth 8-226] default block is never used [C:/Users/Jianning/Desktop/CG3207/Lab/Lab 2/Lab_2_Template/Decoder.v:97]
INFO: [Synth 8-6155] done synthesizing module 'Decoder' (3#1) [C:/Users/Jianning/Desktop/CG3207/Lab/Lab 2/Lab_2_Template/Decoder.v:35]
INFO: [Synth 8-6157] synthesizing module 'CondLogic' [C:/Users/Jianning/Desktop/CG3207/Lab/Lab 2/Lab_2_Template/CondLogic.v:35]
INFO: [Synth 8-6155] done synthesizing module 'CondLogic' (4#1) [C:/Users/Jianning/Desktop/CG3207/Lab/Lab 2/Lab_2_Template/CondLogic.v:35]
INFO: [Synth 8-6157] synthesizing module 'Shifter' [C:/Users/Jianning/Desktop/CG3207/Lab/Lab 2/Lab_2_Template/Shifter.v:35]
INFO: [Synth 8-6157] synthesizing module 'shiftByNPowerOf2' [C:/Users/Jianning/Desktop/CG3207/Lab/Lab 2/Lab_2_Template/Shifter.v:59]
	Parameter i bound to: 0 - type: integer 
INFO: [Synth 8-6155] done synthesizing module 'shiftByNPowerOf2' (5#1) [C:/Users/Jianning/Desktop/CG3207/Lab/Lab 2/Lab_2_Template/Shifter.v:59]
INFO: [Synth 8-6157] synthesizing module 'shiftByNPowerOf2__parameterized0' [C:/Users/Jianning/Desktop/CG3207/Lab/Lab 2/Lab_2_Template/Shifter.v:59]
	Parameter i bound to: 1 - type: integer 
INFO: [Synth 8-6155] done synthesizing module 'shiftByNPowerOf2__parameterized0' (5#1) [C:/Users/Jianning/Desktop/CG3207/Lab/Lab 2/Lab_2_Template/Shifter.v:59]
INFO: [Synth 8-6157] synthesizing module 'shiftByNPowerOf2__parameterized1' [C:/Users/Jianning/Desktop/CG3207/Lab/Lab 2/Lab_2_Template/Shifter.v:59]
	Parameter i bound to: 2 - type: integer 
INFO: [Synth 8-6155] done synthesizing module 'shiftByNPowerOf2__parameterized1' (5#1) [C:/Users/Jianning/Desktop/CG3207/Lab/Lab 2/Lab_2_Template/Shifter.v:59]
INFO: [Synth 8-6157] synthesizing module 'shiftByNPowerOf2__parameterized2' [C:/Users/Jianning/Desktop/CG3207/Lab/Lab 2/Lab_2_Template/Shifter.v:59]
	Parameter i bound to: 3 - type: integer 
INFO: [Synth 8-6155] done synthesizing module 'shiftByNPowerOf2__parameterized2' (5#1) [C:/Users/Jianning/Desktop/CG3207/Lab/Lab 2/Lab_2_Template/Shifter.v:59]
INFO: [Synth 8-6157] synthesizing module 'shiftByNPowerOf2__parameterized3' [C:/Users/Jianning/Desktop/CG3207/Lab/Lab 2/Lab_2_Template/Shifter.v:59]
	Parameter i bound to: 4 - type: integer 
INFO: [Synth 8-6155] done synthesizing module 'shiftByNPowerOf2__parameterized3' (5#1) [C:/Users/Jianning/Desktop/CG3207/Lab/Lab 2/Lab_2_Template/Shifter.v:59]
INFO: [Synth 8-6155] done synthesizing module 'Shifter' (6#1) [C:/Users/Jianning/Desktop/CG3207/Lab/Lab 2/Lab_2_Template/Shifter.v:35]
INFO: [Synth 8-6157] synthesizing module 'ALU' [C:/Users/Jianning/Desktop/CG3207/Lab/Lab 2/Lab_2_Template/ALU.v:30]
INFO: [Synth 8-155] case statement is not full and has no default [C:/Users/Jianning/Desktop/CG3207/Lab/Lab 2/Lab_2_Template/ALU.v:57]
WARNING: [Synth 8-567] referenced signal 'C_Flag' should be on the sensitivity list [C:/Users/Jianning/Desktop/CG3207/Lab/Lab 2/Lab_2_Template/ALU.v:49]
INFO: [Synth 8-6155] done synthesizing module 'ALU' (7#1) [C:/Users/Jianning/Desktop/CG3207/Lab/Lab 2/Lab_2_Template/ALU.v:30]
INFO: [Synth 8-6157] synthesizing module 'ProgramCounter' [C:/Users/Jianning/Desktop/CG3207/Lab/Lab 2/Lab_2_Template/ProgramCounter.v:35]
INFO: [Synth 8-6155] done synthesizing module 'ProgramCounter' (8#1) [C:/Users/Jianning/Desktop/CG3207/Lab/Lab 2/Lab_2_Template/ProgramCounter.v:35]
INFO: [Synth 8-6157] synthesizing module 'MCycle' [C:/Users/Jianning/Desktop/CG3207/Lab/Lab 3/Lab 3 Template/MCycle.v:35]
	Parameter width bound to: 32 - type: integer 
	Parameter IDLE bound to: 1'b0 
	Parameter COMPUTING bound to: 1'b1 
WARNING: [Synth 8-6014] Unused sequential element carry_reg was removed.  [C:/Users/Jianning/Desktop/CG3207/Lab/Lab 3/Lab 3 Template/MCycle.v:114]
WARNING: [Synth 8-6014] Unused sequential element Op1_twocomp_reg was removed.  [C:/Users/Jianning/Desktop/CG3207/Lab/Lab 3/Lab 3 Template/MCycle.v:120]
WARNING: [Synth 8-6014] Unused sequential element Op2_twocomp_reg was removed.  [C:/Users/Jianning/Desktop/CG3207/Lab/Lab 3/Lab 3 Template/MCycle.v:121]
INFO: [Synth 8-6155] done synthesizing module 'MCycle' (9#1) [C:/Users/Jianning/Desktop/CG3207/Lab/Lab 3/Lab 3 Template/MCycle.v:35]
INFO: [Synth 8-6155] done synthesizing module 'ARM' (10#1) [C:/Users/Jianning/Desktop/CG3207/Lab/Lab 2/Lab_2_Template/ARM.v:39]
INFO: [Synth 8-6155] done synthesizing module 'Wrapper' (11#1) [C:/Users/Jianning/Desktop/CG3207/Lab/Lab 2/Lab_2_Template/Wrapper.v:29]
	Parameter BAUD_RATE bound to: 115200 - type: integer 
	Parameter CLOCK_FREQUENCY bound to: 100000000 - type: integer 
INFO: [Synth 8-3491] module 'UART' declared at 'C:/Users/Jianning/Desktop/CG3207/Lab/Lab 2/Lab_2_Template/uart.vhd:28' bound to instance 'UART1' of component 'UART' [C:/Users/Jianning/Desktop/CG3207/Lab/Lab 2/Lab_2_Template/TOP_Nexys.vhd:218]
INFO: [Synth 8-638] synthesizing module 'UART' [C:/Users/Jianning/Desktop/CG3207/Lab/Lab 2/Lab_2_Template/uart.vhd:70]
	Parameter BAUD_RATE bound to: 115200 - type: integer 
	Parameter CLOCK_FREQUENCY bound to: 100000000 - type: integer 
INFO: [Synth 8-256] done synthesizing module 'UART' (12#1) [C:/Users/Jianning/Desktop/CG3207/Lab/Lab 2/Lab_2_Template/uart.vhd:70]
WARNING: [Synth 8-6014] Unused sequential element indices_reg was removed.  [C:/Users/Jianning/Desktop/CG3207/Lab/Lab 2/Lab_2_Template/TOP_Nexys.vhd:319]
INFO: [Synth 8-256] done synthesizing module 'TOP' (13#1) [C:/Users/Jianning/Desktop/CG3207/Lab/Lab 2/Lab_2_Template/TOP_Nexys.vhd:68]
---------------------------------------------------------------------------------
Finished RTL Elaboration : Time (s): cpu = 00:00:06 ; elapsed = 00:00:07 . Memory (MB): peak = 740.238 ; gain = 228.215
---------------------------------------------------------------------------------

Report Check Netlist: 
+------+------------------+-------+---------+-------+------------------+
|      |Item              |Errors |Warnings |Status |Description       |
+------+------------------+-------+---------+-------+------------------+
|1     |multi_driven_nets |      0|        0|Passed |Multi driven nets |
+------+------------------+-------+---------+-------+------------------+
---------------------------------------------------------------------------------
Start Handling Custom Attributes
---------------------------------------------------------------------------------
---------------------------------------------------------------------------------
Finished Handling Custom Attributes : Time (s): cpu = 00:00:06 ; elapsed = 00:00:07 . Memory (MB): peak = 740.238 ; gain = 228.215
---------------------------------------------------------------------------------
---------------------------------------------------------------------------------
Finished RTL Optimization Phase 1 : Time (s): cpu = 00:00:06 ; elapsed = 00:00:07 . Memory (MB): peak = 740.238 ; gain = 228.215
---------------------------------------------------------------------------------
INFO: [Project 1-570] Preparing netlist for logic optimization

Processing XDC Constraints
Initializing timing engine
Parsing XDC File [C:/Users/Jianning/Desktop/CG3207/Lab/Lab 2/Lab_2_Template/TOP_Nexys4DDR.xdc]
Finished Parsing XDC File [C:/Users/Jianning/Desktop/CG3207/Lab/Lab 2/Lab_2_Template/TOP_Nexys4DDR.xdc]
INFO: [Project 1-236] Implementation specific constraints were found while reading constraint file [C:/Users/Jianning/Desktop/CG3207/Lab/Lab 2/Lab_2_Template/TOP_Nexys4DDR.xdc]. These constraints will be ignored for synthesis but will be used in implementation. Impacted constraints are listed in the file [.Xil/TOP_propImpl.xdc].
Resolution: To avoid this warning, move constraints listed in [.Xil/TOP_propImpl.xdc] to another XDC file and exclude this new file from synthesis with the used_in_synthesis property (File Properties dialog in GUI) and re-run elaboration/synthesis.
Completed Processing XDC Constraints

Netlist sorting complete. Time (s): cpu = 00:00:00 ; elapsed = 00:00:00.001 . Memory (MB): peak = 888.145 ; gain = 0.000
INFO: [Project 1-111] Unisim Transformation Summary:
No Unisim elements were transformed.

Constraint Validation Runtime : Time (s): cpu = 00:00:00 ; elapsed = 00:00:00.009 . Memory (MB): peak = 888.145 ; gain = 0.000
---------------------------------------------------------------------------------
Finished Constraint Validation : Time (s): cpu = 00:00:14 ; elapsed = 00:00:16 . Memory (MB): peak = 888.145 ; gain = 376.121
---------------------------------------------------------------------------------
---------------------------------------------------------------------------------
Start Loading Part and Timing Information
---------------------------------------------------------------------------------
Loading part: xc7a100tcsg324-1
---------------------------------------------------------------------------------
Finished Loading Part and Timing Information : Time (s): cpu = 00:00:14 ; elapsed = 00:00:16 . Memory (MB): peak = 888.145 ; gain = 376.121
---------------------------------------------------------------------------------
---------------------------------------------------------------------------------
Start Applying 'set_property' XDC Constraints
---------------------------------------------------------------------------------
---------------------------------------------------------------------------------
Finished applying 'set_property' XDC Constraints : Time (s): cpu = 00:00:14 ; elapsed = 00:00:16 . Memory (MB): peak = 888.145 ; gain = 376.121
---------------------------------------------------------------------------------
INFO: [Synth 8-5546] ROM "DATA_CONST_MEM" won't be mapped to RAM because it is too sparse
INFO: [Synth 8-5546] ROM "DATA_CONST_MEM" won't be mapped to RAM because it is too sparse
INFO: [Synth 8-802] inferred FSM for state register 'uart_tx_state_reg' in module 'UART'
INFO: [Synth 8-802] inferred FSM for state register 'uart_rx_state_reg' in module 'UART'
INFO: [Synth 8-4471] merging register 'CONSOLE_IN_valid_reg' into 'recv_state_reg' [C:/Users/Jianning/Desktop/CG3207/Lab/Lab 2/Lab_2_Template/TOP_Nexys.vhd:209]
---------------------------------------------------------------------------------------------------
                   State |                     New Encoding |                Previous Encoding 
---------------------------------------------------------------------------------------------------
                    idle |                              000 |                              000
           wait_for_tick |                              001 |                              001
          send_start_bit |                              010 |                              010
           transmit_data |                              011 |                              011
           send_stop_bit |                              100 |                              100
---------------------------------------------------------------------------------------------------
INFO: [Synth 8-3354] encoded FSM with state register 'uart_tx_state_reg' using encoding 'sequential' in module 'UART'
---------------------------------------------------------------------------------------------------
                   State |                     New Encoding |                Previous Encoding 
---------------------------------------------------------------------------------------------------
rx_wait_start_synchronise |                               00 |                               00
        rx_get_start_bit |                               01 |                               01
             rx_get_data |                               10 |                               10
         rx_get_stop_bit |                               11 |                               11
---------------------------------------------------------------------------------------------------
INFO: [Synth 8-3354] encoded FSM with state register 'uart_rx_state_reg' using encoding 'sequential' in module 'UART'
---------------------------------------------------------------------------------
Finished RTL Optimization Phase 2 : Time (s): cpu = 00:00:16 ; elapsed = 00:00:17 . Memory (MB): peak = 888.145 ; gain = 376.121
---------------------------------------------------------------------------------

Report RTL Partitions: 
+-+--------------+------------+----------+
| |RTL Partition |Replication |Instances |
+-+--------------+------------+----------+
+-+--------------+------------+----------+
---------------------------------------------------------------------------------
Start RTL Component Statistics 
---------------------------------------------------------------------------------
Detailed RTL Component Info : 
+---Adders : 
	   3 Input     65 Bit       Adders := 1     
	   2 Input     64 Bit       Adders := 1     
	   3 Input     33 Bit       Adders := 2     
	   2 Input     33 Bit       Adders := 2     
	   2 Input     32 Bit       Adders := 6     
	   2 Input     19 Bit       Adders := 1     
	   2 Input     18 Bit       Adders := 1     
	   2 Input      8 Bit       Adders := 1     
	   2 Input      6 Bit       Adders := 1     
	   2 Input      4 Bit       Adders := 1     
	   2 Input      3 Bit       Adders := 2     
	   2 Input      2 Bit       Adders := 1     
+---XORs : 
	   2 Input     32 Bit         XORs := 1     
	   2 Input      1 Bit         XORs := 7     
+---Registers : 
	               64 Bit    Registers := 2     
	               33 Bit    Registers := 2     
	               32 Bit    Registers := 9     
	                8 Bit    Registers := 8     
	                7 Bit    Registers := 1     
	                6 Bit    Registers := 1     
	                4 Bit    Registers := 2     
	                3 Bit    Registers := 2     
	                2 Bit    Registers := 1     
	                1 Bit    Registers := 24    
+---RAMs : 
	               4K Bit         RAMs := 1     
	              512 Bit         RAMs := 1     
+---Muxes : 
	   2 Input     64 Bit        Muxes := 13    
	  13 Input     33 Bit        Muxes := 1     
	   2 Input     33 Bit        Muxes := 6     
	   3 Input     33 Bit        Muxes := 2     
	   2 Input     32 Bit        Muxes := 39    
	   4 Input     32 Bit        Muxes := 6     
	  13 Input     32 Bit        Muxes := 2     
	   3 Input     32 Bit        Muxes := 1     
	 129 Input     32 Bit        Muxes := 1     
	   5 Input      8 Bit        Muxes := 2     
	   2 Input      6 Bit        Muxes := 1     
	  16 Input      4 Bit        Muxes := 1     
	   2 Input      4 Bit        Muxes := 6     
	   2 Input      3 Bit        Muxes := 2     
	   5 Input      3 Bit        Muxes := 1     
	   2 Input      2 Bit        Muxes := 5     
	  16 Input      2 Bit        Muxes := 1     
	   4 Input      2 Bit        Muxes := 1     
	  13 Input      1 Bit        Muxes := 1     
	   2 Input      1 Bit        Muxes := 19    
	   5 Input      1 Bit        Muxes := 5     
	   3 Input      1 Bit        Muxes := 1     
	   4 Input      1 Bit        Muxes := 5     
---------------------------------------------------------------------------------
Finished RTL Component Statistics 
---------------------------------------------------------------------------------
---------------------------------------------------------------------------------
Start RTL Hierarchical Component Statistics 
---------------------------------------------------------------------------------
Hierarchical RTL Component report 
Module TOP 
Detailed RTL Component Info : 
+---Adders : 
	   2 Input     19 Bit       Adders := 1     
	   2 Input     18 Bit       Adders := 1     
+---Registers : 
	                8 Bit    Registers := 3     
	                7 Bit    Registers := 1     
	                1 Bit    Registers := 10    
+---Muxes : 
	   2 Input      1 Bit        Muxes := 4     
Module RegFile 
Detailed RTL Component Info : 
+---RAMs : 
	              512 Bit         RAMs := 1     
+---Muxes : 
	   2 Input     32 Bit        Muxes := 2     
Module Extend 
Detailed RTL Component Info : 
+---Muxes : 
	   4 Input     32 Bit        Muxes := 1     
Module Decoder 
Detailed RTL Component Info : 
+---Muxes : 
	  16 Input      4 Bit        Muxes := 1     
	   2 Input      4 Bit        Muxes := 1     
	   2 Input      3 Bit        Muxes := 1     
	   2 Input      2 Bit        Muxes := 2     
	  16 Input      2 Bit        Muxes := 1     
Module CondLogic 
Detailed RTL Component Info : 
+---XORs : 
	   2 Input      1 Bit         XORs := 2     
+---Registers : 
	                1 Bit    Registers := 4     
Module shiftByNPowerOf2 
Detailed RTL Component Info : 
+---Muxes : 
	   2 Input     32 Bit        Muxes := 1     
	   4 Input     32 Bit        Muxes := 1     
Module shiftByNPowerOf2__parameterized0 
Detailed RTL Component Info : 
+---Muxes : 
	   4 Input     32 Bit        Muxes := 1     
	   2 Input     32 Bit        Muxes := 1     
Module shiftByNPowerOf2__parameterized1 
Detailed RTL Component Info : 
+---Muxes : 
	   4 Input     32 Bit        Muxes := 1     
	   2 Input     32 Bit        Muxes := 1     
Module shiftByNPowerOf2__parameterized2 
Detailed RTL Component Info : 
+---Muxes : 
	   4 Input     32 Bit        Muxes := 1     
	   2 Input     32 Bit        Muxes := 1     
Module shiftByNPowerOf2__parameterized3 
Detailed RTL Component Info : 
+---Muxes : 
	   4 Input     32 Bit        Muxes := 1     
	   2 Input     32 Bit        Muxes := 1     
Module ALU 
Detailed RTL Component Info : 
+---Adders : 
	   3 Input     33 Bit       Adders := 1     
+---XORs : 
	   2 Input     32 Bit         XORs := 1     
	   2 Input      1 Bit         XORs := 4     
+---Muxes : 
	  13 Input     33 Bit        Muxes := 1     
	  13 Input     32 Bit        Muxes := 2     
	  13 Input      1 Bit        Muxes := 1     
Module ProgramCounter 
Detailed RTL Component Info : 
+---Registers : 
	               32 Bit    Registers := 1     
Module MCycle 
Detailed RTL Component Info : 
+---Adders : 
	   3 Input     65 Bit       Adders := 1     
	   2 Input     64 Bit       Adders := 1     
	   2 Input     33 Bit       Adders := 2     
	   3 Input     33 Bit       Adders := 1     
	   2 Input     32 Bit       Adders := 4     
	   2 Input      8 Bit       Adders := 1     
+---XORs : 
	   2 Input      1 Bit         XORs := 1     
+---Registers : 
	               64 Bit    Registers := 2     
	               33 Bit    Registers := 2     
	               32 Bit    Registers := 7     
	                8 Bit    Registers := 1     
	                1 Bit    Registers := 3     
+---Muxes : 
	   2 Input     64 Bit        Muxes := 13    
	   2 Input     33 Bit        Muxes := 6     
	   3 Input     33 Bit        Muxes := 2     
	   2 Input     32 Bit        Muxes := 26    
	   3 Input     32 Bit        Muxes := 1     
	   2 Input      1 Bit        Muxes := 9     
Module ARM 
Detailed RTL Component Info : 
+---Adders : 
	   2 Input     32 Bit       Adders := 2     
+---Muxes : 
	   2 Input     32 Bit        Muxes := 4     
	   2 Input      4 Bit        Muxes := 4     
Module Wrapper 
Detailed RTL Component Info : 
+---Registers : 
	               32 Bit    Registers := 1     
	                8 Bit    Registers := 2     
	                1 Bit    Registers := 2     
+---RAMs : 
	               4K Bit         RAMs := 1     
+---Muxes : 
	   2 Input     32 Bit        Muxes := 2     
	 129 Input     32 Bit        Muxes := 1     
	   2 Input      1 Bit        Muxes := 1     
Module UART 
Detailed RTL Component Info : 
+---Adders : 
	   2 Input      6 Bit       Adders := 1     
	   2 Input      4 Bit       Adders := 1     
	   2 Input      3 Bit       Adders := 2     
	   2 Input      2 Bit       Adders := 1     
+---Registers : 
	                8 Bit    Registers := 2     
	                6 Bit    Registers := 1     
	                4 Bit    Registers := 2     
	                3 Bit    Registers := 2     
	                2 Bit    Registers := 1     
	                1 Bit    Registers := 5     
+---Muxes : 
	   5 Input      8 Bit        Muxes := 2     
	   2 Input      6 Bit        Muxes := 1     
	   2 Input      4 Bit        Muxes := 1     
	   5 Input      3 Bit        Muxes := 1     
	   2 Input      3 Bit        Muxes := 1     
	   2 Input      2 Bit        Muxes := 3     
	   4 Input      2 Bit        Muxes := 1     
	   2 Input      1 Bit        Muxes := 5     
	   5 Input      1 Bit        Muxes := 5     
	   3 Input      1 Bit        Muxes := 1     
	   4 Input      1 Bit        Muxes := 5     
---------------------------------------------------------------------------------
Finished RTL Hierarchical Component Statistics
---------------------------------------------------------------------------------
---------------------------------------------------------------------------------
Start Part Resource Summary
---------------------------------------------------------------------------------
Part Resources:
DSPs: 240 (col length:80)
BRAMs: 270 (col length: RAMB18 80 RAMB36 40)
---------------------------------------------------------------------------------
Finished Part Resource Summary
---------------------------------------------------------------------------------
---------------------------------------------------------------------------------
Start Cross Boundary and Area Optimization
---------------------------------------------------------------------------------
Warning: Parallel synthesis criteria is not met 
INFO: [Synth 8-5544] ROM "p_0_out" won't be mapped to Block RAM because address size (4) smaller than threshold (5)
---------------------------------------------------------------------------------
Finished Cross Boundary and Area Optimization : Time (s): cpu = 00:00:38 ; elapsed = 00:00:40 . Memory (MB): peak = 888.145 ; gain = 376.121
---------------------------------------------------------------------------------
---------------------------------------------------------------------------------
Start ROM, RAM, DSP and Shift Register Reporting
---------------------------------------------------------------------------------

ROM:
+------------+------------+---------------+----------------+
|Module Name | RTL Object | Depth x Width | Implemented As | 
+------------+------------+---------------+----------------+
|Wrapper     | p_0_out    | 128x32        | LUT            | 
|Wrapper     | p_0_out    | 128x32        | LUT            | 
+------------+------------+---------------+----------------+


Distributed RAM: Preliminary Mapping  Report (see note below)
+----------------+---------------------------+-----------+----------------------+------------------+
|Module Name     | RTL Object                | Inference | Size (Depth x Width) | Primitives       | 
+----------------+---------------------------+-----------+----------------------+------------------+
|\Wrapper1/ARM1  | RegFile1/RegBank_reg      | Implied   | 16 x 32              | RAM32M x 12      | 
|TOP             | Wrapper1/DATA_VAR_MEM_reg | Implied   | 128 x 32             | RAM128X1S x 32   | 
+----------------+---------------------------+-----------+----------------------+------------------+

Note: The table above is a preliminary report that shows the Distributed RAMs at the current stage of the synthesis flow. Some Distributed RAMs may be reimplemented as non Distributed RAM primitives later in the synthesis flow. Multiple instantiated RAMs are reported only once.
---------------------------------------------------------------------------------
Finished ROM, RAM, DSP and Shift Register Reporting
---------------------------------------------------------------------------------

Report RTL Partitions: 
+-+--------------+------------+----------+
| |RTL Partition |Replication |Instances |
+-+--------------+------------+----------+
+-+--------------+------------+----------+
---------------------------------------------------------------------------------
Start Applying XDC Timing Constraints
---------------------------------------------------------------------------------
---------------------------------------------------------------------------------
Finished Applying XDC Timing Constraints : Time (s): cpu = 00:00:50 ; elapsed = 00:00:52 . Memory (MB): peak = 888.145 ; gain = 376.121
---------------------------------------------------------------------------------
---------------------------------------------------------------------------------
Start Timing Optimization
---------------------------------------------------------------------------------
---------------------------------------------------------------------------------
Finished Timing Optimization : Time (s): cpu = 00:00:51 ; elapsed = 00:00:53 . Memory (MB): peak = 888.145 ; gain = 376.121
---------------------------------------------------------------------------------
---------------------------------------------------------------------------------
Start ROM, RAM, DSP and Shift Register Reporting
---------------------------------------------------------------------------------

Distributed RAM: Final Mapping  Report
+----------------+---------------------------+-----------+----------------------+------------------+
|Module Name     | RTL Object                | Inference | Size (Depth x Width) | Primitives       | 
+----------------+---------------------------+-----------+----------------------+------------------+
|\Wrapper1/ARM1  | RegFile1/RegBank_reg      | Implied   | 16 x 32              | RAM32M x 12      | 
|TOP             | Wrapper1/DATA_VAR_MEM_reg | Implied   | 128 x 32             | RAM128X1S x 32   | 
+----------------+---------------------------+-----------+----------------------+------------------+

---------------------------------------------------------------------------------
Finished ROM, RAM, DSP and Shift Register Reporting
---------------------------------------------------------------------------------

Report RTL Partitions: 
+-+--------------+------------+----------+
| |RTL Partition |Replication |Instances |
+-+--------------+------------+----------+
+-+--------------+------------+----------+
---------------------------------------------------------------------------------
Start Technology Mapping
---------------------------------------------------------------------------------
---------------------------------------------------------------------------------
Finished Technology Mapping : Time (s): cpu = 00:00:52 ; elapsed = 00:00:55 . Memory (MB): peak = 952.973 ; gain = 440.949
---------------------------------------------------------------------------------

Report RTL Partitions: 
+-+--------------+------------+----------+
| |RTL Partition |Replication |Instances |
+-+--------------+------------+----------+
+-+--------------+------------+----------+
---------------------------------------------------------------------------------
Start IO Insertion
---------------------------------------------------------------------------------
---------------------------------------------------------------------------------
Start Flattening Before IO Insertion
---------------------------------------------------------------------------------
---------------------------------------------------------------------------------
Finished Flattening Before IO Insertion
---------------------------------------------------------------------------------
---------------------------------------------------------------------------------
Start Final Netlist Cleanup
---------------------------------------------------------------------------------
---------------------------------------------------------------------------------
Finished Final Netlist Cleanup
---------------------------------------------------------------------------------
---------------------------------------------------------------------------------
Finished IO Insertion : Time (s): cpu = 00:00:55 ; elapsed = 00:00:57 . Memory (MB): peak = 952.973 ; gain = 440.949
---------------------------------------------------------------------------------

Report Check Netlist: 
+------+------------------+-------+---------+-------+------------------+
|      |Item              |Errors |Warnings |Status |Description       |
+------+------------------+-------+---------+-------+------------------+
|1     |multi_driven_nets |      0|        0|Passed |Multi driven nets |
+------+------------------+-------+---------+-------+------------------+
---------------------------------------------------------------------------------
Start Renaming Generated Instances
---------------------------------------------------------------------------------
---------------------------------------------------------------------------------
Finished Renaming Generated Instances : Time (s): cpu = 00:00:55 ; elapsed = 00:00:57 . Memory (MB): peak = 952.973 ; gain = 440.949
---------------------------------------------------------------------------------

Report RTL Partitions: 
+-+--------------+------------+----------+
| |RTL Partition |Replication |Instances |
+-+--------------+------------+----------+
+-+--------------+------------+----------+
---------------------------------------------------------------------------------
Start Rebuilding User Hierarchy
---------------------------------------------------------------------------------
---------------------------------------------------------------------------------
Finished Rebuilding User Hierarchy : Time (s): cpu = 00:00:55 ; elapsed = 00:00:58 . Memory (MB): peak = 952.973 ; gain = 440.949
---------------------------------------------------------------------------------
---------------------------------------------------------------------------------
Start Renaming Generated Ports
---------------------------------------------------------------------------------
---------------------------------------------------------------------------------
Finished Renaming Generated Ports : Time (s): cpu = 00:00:55 ; elapsed = 00:00:58 . Memory (MB): peak = 952.973 ; gain = 440.949
---------------------------------------------------------------------------------
---------------------------------------------------------------------------------
Start Handling Custom Attributes
---------------------------------------------------------------------------------
---------------------------------------------------------------------------------
Finished Handling Custom Attributes : Time (s): cpu = 00:00:56 ; elapsed = 00:00:58 . Memory (MB): peak = 952.973 ; gain = 440.949
---------------------------------------------------------------------------------
---------------------------------------------------------------------------------
Start Renaming Generated Nets
---------------------------------------------------------------------------------
---------------------------------------------------------------------------------
Finished Renaming Generated Nets : Time (s): cpu = 00:00:56 ; elapsed = 00:00:58 . Memory (MB): peak = 952.973 ; gain = 440.949
---------------------------------------------------------------------------------
---------------------------------------------------------------------------------
Start Writing Synthesis Report
---------------------------------------------------------------------------------

Report BlackBoxes: 
+-+--------------+----------+
| |BlackBox name |Instances |
+-+--------------+----------+
+-+--------------+----------+

Report Cell Usage: 
+------+----------+------+
|      |Cell      |Count |
+------+----------+------+
|1     |BUFG      |     2|
|2     |CARRY4    |    87|
|3     |LUT1      |     8|
|4     |LUT2      |   118|
|5     |LUT3      |   125|
|6     |LUT4      |   190|
|7     |LUT5      |   348|
|8     |LUT6      |   815|
|9     |MUXF7     |    36|
|10    |RAM128X1S |    32|
|11    |RAM32M    |    12|
|12    |FDCE      |    36|
|13    |FDPE      |    12|
|14    |FDRE      |   459|
|15    |FDSE      |     2|
|16    |IBUF      |    23|
|17    |OBUF      |    32|
+------+----------+------+

Report Instance Areas: 
+------+----------------------+---------------+------+
|      |Instance              |Module         |Cells |
+------+----------------------+---------------+------+
|1     |top                   |               |  2337|
|2     |  UART1               |UART           |    99|
|3     |  Wrapper1            |Wrapper        |  2072|
|4     |    ARM1              |ARM            |  1937|
|5     |      CondLogic1      |CondLogic      |     9|
|6     |      MCycle1         |MCycle         |   731|
|7     |      ProgramCounter1 |ProgramCounter |  1185|
|8     |      RegFile1        |RegFile        |    12|
+------+----------------------+---------------+------+
---------------------------------------------------------------------------------
Finished Writing Synthesis Report : Time (s): cpu = 00:00:56 ; elapsed = 00:00:58 . Memory (MB): peak = 952.973 ; gain = 440.949
---------------------------------------------------------------------------------
Synthesis finished with 0 errors, 0 critical warnings and 0 warnings.
Synthesis Optimization Runtime : Time (s): cpu = 00:00:46 ; elapsed = 00:00:54 . Memory (MB): peak = 952.973 ; gain = 293.043
Synthesis Optimization Complete : Time (s): cpu = 00:00:56 ; elapsed = 00:00:58 . Memory (MB): peak = 952.973 ; gain = 440.949
INFO: [Project 1-571] Translating synthesized netlist
INFO: [Netlist 29-17] Analyzing 167 Unisim elements for replacement
INFO: [Netlist 29-28] Unisim Transformation completed in 0 CPU seconds
INFO: [Project 1-570] Preparing netlist for logic optimization
INFO: [Opt 31-138] Pushed 0 inverter(s) to 0 load pin(s).
Netlist sorting complete. Time (s): cpu = 00:00:00 ; elapsed = 00:00:00.001 . Memory (MB): peak = 952.973 ; gain = 0.000
INFO: [Project 1-111] Unisim Transformation Summary:
  A total of 44 instances were transformed.
  RAM128X1S => RAM128X1S (MUXF7, RAMS64E, RAMS64E): 32 instances
  RAM32M => RAM32M (RAMD32, RAMD32, RAMD32, RAMD32, RAMD32, RAMD32, RAMS32, RAMS32): 12 instances

INFO: [Common 17-83] Releasing license: Synthesis
58 Infos, 7 Warnings, 0 Critical Warnings and 0 Errors encountered.
synth_design completed successfully
synth_design: Time (s): cpu = 00:01:05 ; elapsed = 00:01:09 . Memory (MB): peak = 952.973 ; gain = 661.871
Netlist sorting complete. Time (s): cpu = 00:00:00 ; elapsed = 00:00:00.001 . Memory (MB): peak = 952.973 ; gain = 0.000
WARNING: [Constraints 18-5210] No constraints selected for write.
Resolution: This message can indicate that there are no constraints for the design, or it can indicate that the used_in flags are set such that the constraints are ignored. This later case is used when running synth_design to not write synthesis constraints to the resulting checkpoint. Instead, project constraints are read when the synthesized design is opened.
INFO: [Common 17-1381] The checkpoint 'C:/Users/Jianning/Desktop/CG3207/Lab/Lab 2/Lab2_Verilog/lab2/lab2.runs/synth_1/TOP.dcp' has been generated.
INFO: [runtcl-4] Executing : report_utilization -file TOP_utilization_synth.rpt -pb TOP_utilization_synth.pb
INFO: [Common 17-206] Exiting Vivado at Mon Oct 31 12:04:48 2022...
