#-----------------------------------------------------------
# Vivado v2019.1 (64-bit)
# SW Build 2552052 on Fri May 24 14:49:42 MDT 2019
# IP Build 2548770 on Fri May 24 18:01:18 MDT 2019
# Start of session at: Sun Sep  4 00:17:45 2022
# Process ID: 11784
# Current directory: C:/Users/Jianning/Desktop/CG3207/Lab/Lab 1/lab1archive.xpr/lab1
# Command line: vivado.exe -gui_launcher_event rodinguilauncherevent28800 C:\Users\Jianning\Desktop\CG3207\Lab\Lab 1\lab1archive.xpr\lab1\lab1.xpr
# Log file: C:/Users/Jianning/Desktop/CG3207/Lab/Lab 1/lab1archive.xpr/lab1/vivado.log
# Journal file: C:/Users/Jianning/Desktop/CG3207/Lab/Lab 1/lab1archive.xpr/lab1\vivado.jou
#-----------------------------------------------------------
start_gui
open_project {C:/Users/Jianning/Desktop/CG3207/Lab/Lab 1/lab1archive.xpr/lab1/lab1.xpr}
INFO: [Project 1-313] Project file moved from 'C:/Users/Jianning/AppData/Roaming/Xilinx/Vivado/.Xil/Vivado-21104-Jianning-XPS-15/PrjAr/_X_' since last save.
Scanning sources...
Finished scanning sources
INFO: [IP_Flow 19-234] Refreshing IP repositories
INFO: [IP_Flow 19-1704] No user IP repositories specified
INFO: [IP_Flow 19-2313] Loaded Vivado IP repository 'C:/Xilinx/Vivado/2019.1/data/ip'.
open_project: Time (s): cpu = 00:00:26 ; elapsed = 00:00:09 . Memory (MB): peak = 689.391 ; gain = 100.074
update_compile_order -fileset sources_1
open_hw
connect_hw_server
INFO: [Labtools 27-2285] Connecting to hw_server url TCP:localhost:3121
open_hw_target
INFO: [Labtoolstcl 44-466] Opening hw_target localhost:3121/xilinx_tcf/Digilent/210292A4C4F6A
open_hw_target: Time (s): cpu = 00:00:07 ; elapsed = 00:00:06 . Memory (MB): peak = 1907.824 ; gain = 1090.914
set_property PROGRAM.FILE {C:\Users\Jianning\Desktop\CG3207\Lab\Lab 1\Lab1_MON_A0214561M\Top.bit} [get_hw_devices xc7a100t_0]
current_hw_device [get_hw_devices xc7a100t_0]
refresh_hw_device -update_hw_probes false [lindex [get_hw_devices xc7a100t_0] 0]
INFO: [Labtools 27-1435] Device xc7a100t (JTAG device index = 0) is not programmed (DONE status = 0).
set_property PROBES.FILE {} [get_hw_devices xc7a100t_0]
set_property FULL_PROBES.FILE {} [get_hw_devices xc7a100t_0]
set_property PROGRAM.FILE {C:/Users/Jianning/Desktop/CG3207/Lab/Lab 1/Lab1_MON_A0214561M/Top.bit} [get_hw_devices xc7a100t_0]
program_hw_devices [get_hw_devices xc7a100t_0]
INFO: [Labtools 27-3164] End of startup status: HIGH
refresh_hw_device [lindex [get_hw_devices xc7a100t_0] 0]
INFO: [Labtools 27-1434] Device xc7a100t (JTAG device index = 0) is programmed with a design that has no supported debug core(s) in it.
set_property PROBES.FILE {} [get_hw_devices xc7a100t_0]
set_property FULL_PROBES.FILE {} [get_hw_devices xc7a100t_0]
set_property PROGRAM.FILE {C:/Users/Jianning/Desktop/CG3207/Lab/Lab 1/lab1archive.xpr/lab1/lab1.runs/impl_1/Top.bit} [get_hw_devices xc7a100t_0]
program_hw_devices [get_hw_devices xc7a100t_0]
INFO: [Labtools 27-3164] End of startup status: HIGH
refresh_hw_device [lindex [get_hw_devices xc7a100t_0] 0]
INFO: [Labtools 27-1434] Device xc7a100t (JTAG device index = 0) is programmed with a design that has no supported debug core(s) in it.
exit
INFO: [Common 17-206] Exiting Vivado at Sun Sep  4 00:20:47 2022...
